<?xml version="1.0" encoding="UTF-8"?>
<!-- Generated by org.testng.reporters.JUnitReportReporter -->
<testsuite skipped="0" hostname="in-hritesh.local" name="LoginTest" tests="1" failures="0" timestamp="09 Dec 2019 06:38:23 GMT" time="3.008" errors="0">
  <testcase name="verifyLogin" time="3.008" classname="LoginTest"/>
</testsuite> <!-- LoginTest -->
