<?xml version="1.0" encoding="UTF-8"?>
<!-- Generated by org.testng.reporters.JUnitReportReporter -->
<testsuite skipped="0" hostname="in-hritesh.local" name="Logintest" tests="1" failures="0" timestamp="10 Dec 2019 04:27:02 GMT" time="1.203" errors="0">
  <testcase name="logintest" time="1.203" classname="Logintest"/>
</testsuite> <!-- Logintest -->
