<?xml version="1.0" encoding="UTF-8"?>
<!-- Generated by org.testng.reporters.JUnitReportReporter -->
<testsuite skipped="0" hostname="in-hritesh.local" name="Logintest" tests="1" failures="0" timestamp="09 Dec 2019 11:42:44 GMT" time="1.276" errors="0">
  <testcase name="logintest" time="1.276" classname="Logintest"/>
</testsuite> <!-- Logintest -->
